# JRE version: OpenJDK Runtime Environment (17.0.10) (build 17.0.10+0-17.0.10b1087.21-11609105)
# Java VM: OpenJDK 64-Bit Server VM (17.0.10+0-17.0.10b1087.21-11609105, mixed mode, tiered, compressed oops, compressed class ptrs, g1 gc, linux-amd64)
GC Precious Log:
 CPUs: 8 total, 8 available
 Memory: 6865M
 Large Page Support: Disabled
 NUMA Support: Disabled
 Compressed Oops: Enabled (32-bit)
 Heap Region Size: 1M
 Heap Min Capacity: 8M
 Heap Initial Capacity: 108M
 Heap Max Capacity: 2G
 Pre-touch: Disabled
 Parallel Workers: 8
 Concurrent Workers: 2
 Concurrent Refinement Workers: 8
 Periodic GC: Disabled
Heap:
 garbage-first heap   total 353280K, used 188524K [0x0000000080000000, 0x0000000100000000)
  region size 1024K, 15 young (15360K), 8 survivors (8192K)
 Metaspace       used 144494K, committed 145728K, reserved 1179648K
  class space    used 19777K, committed 20352K, reserved 1048576K
GC Heap History (20 events):
Event: 817,727 GC heap before
{Heap before GC invocations=59 (full 0):
 garbage-first heap   total 351232K, used 243526K [0x0000000080000000, 0x0000000100000000)
  region size 1024K, 106 young (108544K), 3 survivors (3072K)
 Metaspace       used 141737K, committed 142848K, reserved 1179648K
  class space    used 19549K, committed 20096K, reserved 1048576K
}
Event: 817,733 GC heap after
{Heap after GC invocations=60 (full 0):
 garbage-first heap   total 351232K, used 141069K [0x0000000080000000, 0x0000000100000000)
  region size 1024K, 4 young (4096K), 4 survivors (4096K)
 Metaspace       used 141737K, committed 142848K, reserved 1179648K
  class space    used 19549K, committed 20096K, reserved 1048576K
}
Event: 847,780 GC heap before
{Heap before GC invocations=61 (full 0):
 garbage-first heap   total 351232K, used 316173K [0x0000000080000000, 0x0000000100000000)
  region size 1024K, 146 young (149504K), 4 survivors (4096K)
 Metaspace       used 142813K, committed 144000K, reserved 1179648K
  class space    used 19663K, committed 20224K, reserved 1048576K
}
Event: 847,786 GC heap after
{Heap after GC invocations=62 (full 0):
 garbage-first heap   total 351232K, used 140717K [0x0000000080000000, 0x0000000100000000)
  region size 1024K, 3 young (3072K), 3 survivors (3072K)
 Metaspace       used 142813K, committed 144000K, reserved 1179648K
  class space    used 19663K, committed 20224K, reserved 1048576K
}
Event: 847,907 GC heap before
{Heap before GC invocations=62 (full 0):
 garbage-first heap   total 351232K, used 154029K [0x0000000080000000, 0x0000000100000000)
  region size 1024K, 17 young (17408K), 3 survivors (3072K)
 Metaspace       used 142838K, committed 144000K, reserved 1179648K
  class space    used 19664K, committed 20224K, reserved 1048576K
}
Event: 847,924 GC heap after
{Heap after GC invocations=63 (full 0):
 garbage-first heap   total 351232K, used 131568K [0x0000000080000000, 0x0000000100000000)
  region size 1024K, 3 young (3072K), 3 survivors (3072K)
 Metaspace       used 142838K, committed 144000K, reserved 1179648K
  class space    used 19664K, committed 20224K, reserved 1048576K
}
Event: 923,818 GC heap before
{Heap before GC invocations=63 (full 0):
 garbage-first heap   total 351232K, used 281072K [0x0000000080000000, 0x0000000100000000)
  region size 1024K, 151 young (154624K), 3 survivors (3072K)
 Metaspace       used 143560K, committed 144704K, reserved 1179648K
  class space    used 19702K, committed 20224K, reserved 1048576K
}
Event: 923,843 GC heap after
{Heap after GC invocations=64 (full 0):
 garbage-first heap   total 351232K, used 147148K [0x0000000080000000, 0x0000000100000000)
  region size 1024K, 18 young (18432K), 18 survivors (18432K)
 Metaspace       used 143560K, committed 144704K, reserved 1179648K
  class space    used 19702K, committed 20224K, reserved 1048576K
}
Event: 981,884 GC heap before
{Heap before GC invocations=65 (full 0):
 garbage-first heap   total 351232K, used 321228K [0x0000000080000000, 0x0000000100000000)
  region size 1024K, 148 young (151552K), 18 survivors (18432K)
 Metaspace       used 143823K, committed 144960K, reserved 1179648K
  class space    used 19703K, committed 20224K, reserved 1048576K
}
Event: 981,911 GC heap after
{Heap after GC invocations=66 (full 0):
 garbage-first heap   total 353280K, used 155402K [0x0000000080000000, 0x0000000100000000)
  region size 1024K, 13 young (13312K), 13 survivors (13312K)
 Metaspace       used 143823K, committed 144960K, reserved 1179648K
  class space    used 19703K, committed 20224K, reserved 1048576K
}
Event: 981,920 GC heap before
{Heap before GC invocations=66 (full 0):
 garbage-first heap   total 353280K, used 158474K [0x0000000080000000, 0x0000000100000000)
  region size 1024K, 17 young (17408K), 13 survivors (13312K)
 Metaspace       used 143823K, committed 144960K, reserved 1179648K
  class space    used 19703K, committed 20224K, reserved 1048576K
}
Event: 981,931 GC heap after
{Heap after GC invocations=67 (full 0):
 garbage-first heap   total 353280K, used 150528K [0x0000000080000000, 0x0000000100000000)
  region size 1024K, 3 young (3072K), 3 survivors (3072K)
 Metaspace       used 143823K, committed 144960K, reserved 1179648K
  class space    used 19703K, committed 20224K, reserved 1048576K
}
Event: 982,146 GC heap before
{Heap before GC invocations=67 (full 0):
 garbage-first heap   total 353280K, used 185344K [0x0000000080000000, 0x0000000100000000)
  region size 1024K, 39 young (39936K), 3 survivors (3072K)
 Metaspace       used 143856K, committed 144960K, reserved 1179648K
  class space    used 19704K, committed 20224K, reserved 1048576K
}
Event: 982,153 GC heap after
{Heap after GC invocations=68 (full 0):
 garbage-first heap   total 353280K, used 151765K [0x0000000080000000, 0x0000000100000000)
  region size 1024K, 5 young (5120K), 5 survivors (5120K)
 Metaspace       used 143856K, committed 144960K, reserved 1179648K
  class space    used 19704K, committed 20224K, reserved 1048576K
}
Event: 1558,408 GC heap before
{Heap before GC invocations=69 (full 0):
 garbage-first heap   total 353280K, used 308437K [0x0000000080000000, 0x0000000100000000)
  region size 1024K, 137 young (140288K), 5 survivors (5120K)
 Metaspace       used 144436K, committed 145728K, reserved 1179648K
  class space    used 19766K, committed 20352K, reserved 1048576K
}
Event: 1558,436 GC heap after
{Heap after GC invocations=70 (full 0):
 garbage-first heap   total 353280K, used 170129K [0x0000000080000000, 0x0000000100000000)
  region size 1024K, 18 young (18432K), 18 survivors (18432K)
 Metaspace       used 144436K, committed 145728K, reserved 1179648K
  class space    used 19766K, committed 20352K, reserved 1048576K
}
Event: 1558,445 GC heap before
{Heap before GC invocations=70 (full 0):
 garbage-first heap   total 353280K, used 171153K [0x0000000080000000, 0x0000000100000000)
  region size 1024K, 19 young (19456K), 18 survivors (18432K)
 Metaspace       used 144436K, committed 145728K, reserved 1179648K
  class space    used 19766K, committed 20352K, reserved 1048576K
}
Event: 1558,467 GC heap after
{Heap after GC invocations=71 (full 0):
 garbage-first heap   total 353280K, used 160479K [0x0000000080000000, 0x0000000100000000)
  region size 1024K, 3 young (3072K), 3 survivors (3072K)
 Metaspace       used 144436K, committed 145728K, reserved 1179648K
  class space    used 19766K, committed 20352K, reserved 1048576K
}
Event: 1558,503 GC heap before
{Heap before GC invocations=71 (full 0):
 garbage-first heap   total 353280K, used 166623K [0x0000000080000000, 0x0000000100000000)
  region size 1024K, 10 young (10240K), 3 survivors (3072K)
 Metaspace       used 144436K, committed 145728K, reserved 1179648K
  class space    used 19766K, committed 20352K, reserved 1048576K
}
Event: 1558,511 GC heap after
{Heap after GC invocations=72 (full 0):
 garbage-first heap   total 353280K, used 164972K [0x0000000080000000, 0x0000000100000000)
  region size 1024K, 8 young (8192K), 8 survivors (8192K)
 Metaspace       used 144436K, committed 145728K, reserved 1179648K
  class space    used 19766K, committed 20352K, reserved 1048576K
}

